[2020Oct01 11:29:23,471][INFO ][1601566163471][doPost SolicitudConsPostServlet.java:63][XML Recibido: <?xml version="1.0" encoding="UTF-8"?>
<RTBS_PLBLS_IN>
	<Login>String</Login>
	<Channel></Channel>
	<System></System>
	<MSISDN>
		<Number>584128013624</Number>
	</MSISDN>
</RTBS_PLBLS_IN>
]
[2020Oct01 11:29:23,546][DEBUG][1601566163471][processRequest FCController.java:78][<?xml version="1.0" encoding="UTF-8"?>
<RTBS_PLBLS_IN>
	<Login>String</Login>
	<Channel></Channel>
	<System></System>
	<MSISDN>
		<Number>584128013624</Number>
	</MSISDN>
</RTBS_PLBLS_IN>
]
[2020Oct01 11:29:23,547][DEBUG][1601566163471][buildRequest FCHelper.java:52][INICIO de parser XML de entrada]
[2020Oct01 11:29:23,723][DEBUG][1601566163471][execute SolicitudQueueSubmiter.java:129][Nuevo request: <?xml version="1.0" encoding="UTF-8"?>
<RTBS_PLBLS_IN>
	<Login>String</Login>
	<Channel></Channel>
	<System></System>
	<MSISDN>
		<Number>584128013624</Number>
	</MSISDN>
</RTBS_PLBLS_IN>
]
[2020Oct01 11:29:23,767][INFO ][1601566163471][execute SolicitudQueueSubmiter.java:134][Nuevo request enviado a la cola de solicitudes]
[2020Oct01 11:29:23,808][DEBUG][1601566163471][assembly NameSustitutionCmdAdapter.java:201][Ensamblando lista de COMPONENTES para la construccion del COMANDO]
[2020Oct01 11:29:23,817][DEBUG][1601566163471][processRequest FCController.java:132][Response: <?xml version="1.0" encoding="UTF-8" ?> 
 <EAIMessage>
	<IBX_ADP_OUT_PARAMETERS>
		<PARAM name="ERROR_CODE" value="0"/> 
		<PARAM name="ERROR_DESCRIPTION" value="Proceso completado con exito"/>
	</IBX_ADP_OUT_PARAMETERS>
 </EAIMessage>]
[2020Oct01 11:29:23,837][INFO ][1601566163471][doPost SolicitudConsPostServlet.java:67][Response Recibido: <?xml version="1.0" encoding="UTF-8" ?> 
 <EAIMessage>
	<IBX_ADP_OUT_PARAMETERS>
		<PARAM name="ERROR_CODE" value="0"/> 
		<PARAM name="ERROR_DESCRIPTION" value="Proceso completado con exito"/>
	</IBX_ADP_OUT_PARAMETERS>
 </EAIMessage>]
[2020Oct01 11:48:59,417][INFO ][1601567339417][doPost SolicitudConsPostServlet.java:63][XML Recibido: <?xml version="1.0" encoding="UTF-8"?>
<RTBS_PLBLS_IN>
	<Login>String</Login>
	<Channel></Channel>
	<System></System>
	<MSISDN>
		<Number>584128013624</Number>
	</MSISDN>
</RTBS_PLBLS_IN>
]
[2020Oct01 11:48:59,419][DEBUG][1601567339417][processRequest FCController.java:78][<?xml version="1.0" encoding="UTF-8"?>
<RTBS_PLBLS_IN>
	<Login>String</Login>
	<Channel></Channel>
	<System></System>
	<MSISDN>
		<Number>584128013624</Number>
	</MSISDN>
</RTBS_PLBLS_IN>
]
[2020Oct01 11:48:59,420][DEBUG][1601567339417][buildRequest FCHelper.java:52][INICIO de parser XML de entrada]
[2020Oct01 11:48:59,433][DEBUG][1601567339417][execute SolicitudQueueSubmiter.java:129][Nuevo request: <?xml version="1.0" encoding="UTF-8"?>
<RTBS_PLBLS_IN>
	<Login>String</Login>
	<Channel></Channel>
	<System></System>
	<MSISDN>
		<Number>584128013624</Number>
	</MSISDN>
</RTBS_PLBLS_IN>
]
[2020Oct01 11:48:59,442][INFO ][1601567339417][execute SolicitudQueueSubmiter.java:134][Nuevo request enviado a la cola de solicitudes]
[2020Oct01 11:48:59,444][DEBUG][1601567339417][assembly NameSustitutionCmdAdapter.java:201][Ensamblando lista de COMPONENTES para la construccion del COMANDO]
[2020Oct01 11:48:59,446][DEBUG][1601567339417][processRequest FCController.java:132][Response: <?xml version="1.0" encoding="UTF-8" ?> 
 <EAIMessage>
	<IBX_ADP_OUT_PARAMETERS>
		<PARAM name="ERROR_CODE" value="0"/> 
		<PARAM name="ERROR_DESCRIPTION" value="Proceso completado con exito"/>
	</IBX_ADP_OUT_PARAMETERS>
 </EAIMessage>]
[2020Oct01 11:48:59,447][INFO ][1601567339417][doPost SolicitudConsPostServlet.java:67][Response Recibido: <?xml version="1.0" encoding="UTF-8" ?> 
 <EAIMessage>
	<IBX_ADP_OUT_PARAMETERS>
		<PARAM name="ERROR_CODE" value="0"/> 
		<PARAM name="ERROR_DESCRIPTION" value="Proceso completado con exito"/>
	</IBX_ADP_OUT_PARAMETERS>
 </EAIMessage>]
[2020Oct01 11:51:41,649][INFO ][1601567501649][doPost SolicitudConsPostServlet.java:63][XML Recibido: <?xml version="1.0" encoding="UTF-8"?>
<RTBS_PLBLS_IN>
	<Login>String</Login>
	<Channel></Channel>
	<System></System>
	<MSISDN>
		<Number>584128013624</Number>
	</MSISDN>
</RTBS_PLBLS_IN>
]
[2020Oct01 11:51:41,651][DEBUG][1601567501649][processRequest FCController.java:78][<?xml version="1.0" encoding="UTF-8"?>
<RTBS_PLBLS_IN>
	<Login>String</Login>
	<Channel></Channel>
	<System></System>
	<MSISDN>
		<Number>584128013624</Number>
	</MSISDN>
</RTBS_PLBLS_IN>
]
[2020Oct01 11:51:41,652][DEBUG][1601567501649][buildRequest FCHelper.java:52][INICIO de parser XML de entrada]
[2020Oct01 11:51:41,666][DEBUG][1601567501649][execute SolicitudQueueSubmiter.java:129][Nuevo request: <?xml version="1.0" encoding="UTF-8"?>
<RTBS_PLBLS_IN>
	<Login>String</Login>
	<Channel></Channel>
	<System></System>
	<MSISDN>
		<Number>584128013624</Number>
	</MSISDN>
</RTBS_PLBLS_IN>
]
[2020Oct01 11:51:41,677][INFO ][1601567501649][execute SolicitudQueueSubmiter.java:134][Nuevo request enviado a la cola de solicitudes]
[2020Oct01 11:51:41,681][DEBUG][1601567501649][assembly NameSustitutionCmdAdapter.java:201][Ensamblando lista de COMPONENTES para la construccion del COMANDO]
[2020Oct01 11:51:41,683][DEBUG][1601567501649][processRequest FCController.java:132][Response: <?xml version="1.0" encoding="UTF-8" ?> 
 <EAIMessage>
	<IBX_ADP_OUT_PARAMETERS>
		<PARAM name="ERROR_CODE" value="0"/> 
		<PARAM name="ERROR_DESCRIPTION" value="Proceso completado con exito"/>
	</IBX_ADP_OUT_PARAMETERS>
 </EAIMessage>]
[2020Oct01 11:51:41,684][INFO ][1601567501649][doPost SolicitudConsPostServlet.java:67][Response Recibido: <?xml version="1.0" encoding="UTF-8" ?> 
 <EAIMessage>
	<IBX_ADP_OUT_PARAMETERS>
		<PARAM name="ERROR_CODE" value="0"/> 
		<PARAM name="ERROR_DESCRIPTION" value="Proceso completado con exito"/>
	</IBX_ADP_OUT_PARAMETERS>
 </EAIMessage>]
